c:\users\jim\pycharmprojects\chesscppattemptbstrap\inpycharmproject2\x64\debug\vc143.pdb
c:\users\jim\pycharmprojects\chesscppattemptbstrap\inpycharmproject2\x64\debug\vc143.idb
c:\users\jim\pycharmprojects\chesscppattemptbstrap\inpycharmproject2\x64\debug\zstuff.obj
c:\users\jim\pycharmprojects\chesscppattemptbstrap\inpycharmproject2\x64\debug\universal.obj
c:\users\jim\pycharmprojects\chesscppattemptbstrap\inpycharmproject2\x64\debug\startupfunctions.obj
c:\users\jim\pycharmprojects\chesscppattemptbstrap\inpycharmproject2\x64\debug\infoh.obj
c:\users\jim\pycharmprojects\chesscppattemptbstrap\inpycharmproject2\x64\debug\inpycharmproject.obj
c:\users\jim\pycharmprojects\chesscppattemptbstrap\inpycharmproject2\x64\debug\info.obj
c:\users\jim\pycharmprojects\chesscppattemptbstrap\inpycharmproject2\x64\debug\board.obj
c:\users\jim\pycharmprojects\chesscppattemptbstrap\inpycharmproject2\x64\debug\whtable.obj
c:\users\jim\pycharmprojects\chesscppattemptbstrap\inpycharmproject2\x64\debug\test.obj
c:\users\jim\pycharmprojects\chesscppattemptbstrap\inpycharmproject2\x64\debug\debug.obj
c:\users\jim\pycharmprojects\chesscppattemptbstrap\inpycharmproject2\x64\debug\boardzfuncs.obj
c:\users\jim\pycharmprojects\chesscppattemptbstrap\inpycharmproject2\x64\debug\boardmovefuncs.obj
c:\users\jim\pycharmprojects\chesscppattemptbstrap\inpycharmproject2\x64\debug\inpycharmproject2.obj
c:\users\jim\pycharmprojects\chesscppattemptbstrap\inpycharmproject2\x64\debug\inpycharmproject2.exe
c:\users\jim\pycharmprojects\chesscppattemptbstrap\inpycharmproject2\x64\debug\inpycharmproject2.ilk
c:\users\jim\pycharmprojects\chesscppattemptbstrap\inpycharmproject2\x64\debug\inpycharmproject2.pdb
c:\users\jim\pycharmprojects\chesscppattemptbstrap\inpycharmproject2\x64\debug\inpychar.e1677933.tlog\cl.command.1.tlog
c:\users\jim\pycharmprojects\chesscppattemptbstrap\inpycharmproject2\x64\debug\inpychar.e1677933.tlog\cl.read.1.tlog
c:\users\jim\pycharmprojects\chesscppattemptbstrap\inpycharmproject2\x64\debug\inpychar.e1677933.tlog\cl.write.1.tlog
c:\users\jim\pycharmprojects\chesscppattemptbstrap\inpycharmproject2\x64\debug\inpychar.e1677933.tlog\link.command.1.tlog
c:\users\jim\pycharmprojects\chesscppattemptbstrap\inpycharmproject2\x64\debug\inpychar.e1677933.tlog\link.read.1.tlog
c:\users\jim\pycharmprojects\chesscppattemptbstrap\inpycharmproject2\x64\debug\inpychar.e1677933.tlog\link.write.1.tlog
