  Board.cpp
C:\Users\Jim\PyCharmProjects\ChessCPPAttemptBStrap\InPycharmProject2\Board.h(147,3): warning C4554: '<<': check operator precedence for possible error; use parentheses to clarify precedence
  BoardMoveFuncs.cpp
C:\Users\Jim\PyCharmProjects\ChessCPPAttemptBStrap\InPycharmProject2\Board.h(147,3): warning C4554: '<<': check operator precedence for possible error; use parentheses to clarify precedence
C:\Users\Jim\PyCharmProjects\ChessCPPAttemptBStrap\InPycharmProject2\BoardMoveFuncs.cpp(206,28): warning C4552: '!=': result of expression not used
C:\Users\Jim\PyCharmProjects\ChessCPPAttemptBStrap\InPycharmProject2\BoardMoveFuncs.cpp(295,28): warning C4552: '!=': result of expression not used
  BoardMoveGen.cpp
C:\Users\Jim\PyCharmProjects\ChessCPPAttemptBStrap\InPycharmProject2\Board.h(147,3): warning C4554: '<<': check operator precedence for possible error; use parentheses to clarify precedence
C:\Users\Jim\PyCharmProjects\ChessCPPAttemptBStrap\InPycharmProject2\BoardMoveGen.cpp(81,7): warning C4334: '<<': result of 32-bit shift implicitly converted to 64 bits (was 64-bit shift intended?)
C:\Users\Jim\PyCharmProjects\ChessCPPAttemptBStrap\InPycharmProject2\BoardMoveGen.cpp(92,7): warning C4334: '<<': result of 32-bit shift implicitly converted to 64 bits (was 64-bit shift intended?)
C:\Users\Jim\PyCharmProjects\ChessCPPAttemptBStrap\InPycharmProject2\BoardMoveGen.cpp(130,8): warning C4334: '<<': result of 32-bit shift implicitly converted to 64 bits (was 64-bit shift intended?)
C:\Users\Jim\PyCharmProjects\ChessCPPAttemptBStrap\InPycharmProject2\BoardMoveGen.cpp(140,8): warning C4334: '<<': result of 32-bit shift implicitly converted to 64 bits (was 64-bit shift intended?)
C:\Users\Jim\PyCharmProjects\ChessCPPAttemptBStrap\InPycharmProject2\BoardMoveGen.cpp(199,6): warning C4334: '<<': result of 32-bit shift implicitly converted to 64 bits (was 64-bit shift intended?)
C:\Users\Jim\PyCharmProjects\ChessCPPAttemptBStrap\InPycharmProject2\BoardMoveGen.cpp(224,71): warning C4552: '!=': result of expression not used
  BoardZFuncs.cpp
C:\Users\Jim\PyCharmProjects\ChessCPPAttemptBStrap\InPycharmProject2\Board.h(147,3): warning C4554: '<<': check operator precedence for possible error; use parentheses to clarify precedence
  Debug.cpp
C:\Users\Jim\PyCharmProjects\ChessCPPAttemptBStrap\InPycharmProject2\Board.h(147,3): warning C4554: '<<': check operator precedence for possible error; use parentheses to clarify precedence
  InPycharmProject2.cpp
C:\Users\Jim\PyCharmProjects\ChessCPPAttemptBStrap\InPycharmProject2\Board.h(147,3): warning C4554: '<<': check operator precedence for possible error; use parentheses to clarify precedence
  Info.cpp
  Info.h
  StartUpFunctions.cpp
  StartUpFunctions.h
  Universal.cpp
  Whtable.cpp
  ZStuff.cpp
C:\Users\Jim\PyCharmProjects\ChessCPPAttemptBStrap\InPycharmProject2\ZStuff.cpp(78,2): warning C4334: '<<': result of 32-bit shift implicitly converted to 64 bits (was 64-bit shift intended?)
  Generating Code...
x64\Debug\Info.obj : warning LNK4042: object specified more than once; extras ignored
x64\Debug\StartUpFunctions.obj : warning LNK4042: object specified more than once; extras ignored
  InPycharmProject2.vcxproj -> C:\Users\Jim\PyCharmProjects\ChessCPPAttemptBStrap\InPycharmProject2\x64\Debug\InPycharmProject2.exe
